        -:    0:Source:dominion.c
        -:    0:Graph:dominion.gcno
        -:    0:Data:dominion.gcda
        -:    0:Runs:8
        -:    0:Programs:8
        -:    1:#include "dominion.h"
        -:    2:#include "dominion_helpers.h"
        -:    3:#include "rngs.h"
        -:    4:#include <stdio.h>
        -:    5:#include <math.h>
        -:    6:#include <stdlib.h>
        -:    7:
function compare called 0 returned 0% blocks executed 0%
    #####:    8:int compare(const void* a, const void* b) {
    #####:    9:  if (*(int*)a > *(int*)b)
branch  0 never executed
branch  1 never executed
    #####:   10:    return 1;
    #####:   11:  if (*(int*)a < *(int*)b)
branch  0 never executed
branch  1 never executed
    #####:   12:    return -1;
    #####:   13:  return 0;
        -:   14:}
        -:   15:
function newGame called 0 returned 0% blocks executed 0%
    #####:   16:struct gameState* newGame() {
    #####:   17:  struct gameState* g = malloc(sizeof(struct gameState));
    #####:   18:  return g;
        -:   19:}
        -:   20:
function kingdomCards called 0 returned 0% blocks executed 0%
    #####:   21:int* kingdomCards(int k1, int k2, int k3, int k4, int k5, int k6, int k7,
        -:   22:		  int k8, int k9, int k10) {
    #####:   23:  int* k = malloc(10 * sizeof(int));
    #####:   24:  k[0] = k1;
    #####:   25:  k[1] = k2;
    #####:   26:  k[2] = k3;
    #####:   27:  k[3] = k4;
    #####:   28:  k[4] = k5;
    #####:   29:  k[5] = k6;
    #####:   30:  k[6] = k7;
    #####:   31:  k[7] = k8;
    #####:   32:  k[8] = k9;
    #####:   33:  k[9] = k10;
    #####:   34:  return k;
        -:   35:}
        -:   36:
function initializeGame called 0 returned 0% blocks executed 0%
    #####:   37:int initializeGame(int numPlayers, int kingdomCards[10], int randomSeed,
        -:   38:		   struct gameState *state) {
        -:   39:
        -:   40:  int i;
        -:   41:  int j;
        -:   42:  int it;			
        -:   43:  //set up random number generator
    #####:   44:  SelectStream(1);
call    0 never executed
    #####:   45:  PutSeed((long)randomSeed);
call    0 never executed
        -:   46:  
        -:   47:  //check number of players
    #####:   48:  if (numPlayers > MAX_PLAYERS || numPlayers < 2)
branch  0 never executed
branch  1 never executed
branch  2 never executed
branch  3 never executed
        -:   49:    {
    #####:   50:      return -1;
        -:   51:    }
        -:   52:
        -:   53:  //set number of players
    #####:   54:  state->numPlayers = numPlayers;
        -:   55:
        -:   56:  //check selected kingdom cards are different
    #####:   57:  for (i = 0; i < 10; i++)
branch  0 never executed
branch  1 never executed
        -:   58:    {
    #####:   59:      for (j = 0; j < 10; j++)
branch  0 never executed
branch  1 never executed
        -:   60:        {
    #####:   61:	  if (j != i && kingdomCards[j] == kingdomCards[i])
branch  0 never executed
branch  1 never executed
branch  2 never executed
branch  3 never executed
        -:   62:	    {
    #####:   63:	      return -1;
        -:   64:	    }
        -:   65:        }
        -:   66:    }
        -:   67:
        -:   68:
        -:   69:  //initialize supply
        -:   70:  ///////////////////////////////
        -:   71:
        -:   72:  //set number of Curse cards
    #####:   73:  if (numPlayers == 2)
branch  0 never executed
branch  1 never executed
        -:   74:    {
    #####:   75:      state->supplyCount[curse] = 10;
        -:   76:    }
    #####:   77:  else if (numPlayers == 3)
branch  0 never executed
branch  1 never executed
        -:   78:    {
    #####:   79:      state->supplyCount[curse] = 20;
        -:   80:    }
        -:   81:  else
        -:   82:    {
    #####:   83:      state->supplyCount[curse] = 30;
        -:   84:    }
        -:   85:
        -:   86:  //set number of Victory cards
    #####:   87:  if (numPlayers == 2)
branch  0 never executed
branch  1 never executed
        -:   88:    {
    #####:   89:      state->supplyCount[estate] = 8;
    #####:   90:      state->supplyCount[duchy] = 8;
    #####:   91:      state->supplyCount[province] = 8;
        -:   92:    }
        -:   93:  else
        -:   94:    {
    #####:   95:      state->supplyCount[estate] = 12;
    #####:   96:      state->supplyCount[duchy] = 12;
    #####:   97:      state->supplyCount[province] = 12;
        -:   98:    }
        -:   99:
        -:  100:  //set number of Treasure cards
    #####:  101:  state->supplyCount[copper] = 60 - (7 * numPlayers);
    #####:  102:  state->supplyCount[silver] = 40;
    #####:  103:  state->supplyCount[gold] = 30;
        -:  104:
        -:  105:  //set number of Kingdom cards
    #####:  106:  for (i = adventurer; i <= treasure_map; i++)       	//loop all cards
branch  0 never executed
branch  1 never executed
        -:  107:    {
    #####:  108:      for (j = 0; j < 10; j++)           		//loop chosen cards
branch  0 never executed
branch  1 never executed
        -:  109:	{
    #####:  110:	  if (kingdomCards[j] == i)
branch  0 never executed
branch  1 never executed
        -:  111:	    {
        -:  112:	      //check if card is a 'Victory' Kingdom card
    #####:  113:	      if (kingdomCards[j] == great_hall || kingdomCards[j] == gardens)
branch  0 never executed
branch  1 never executed
branch  2 never executed
branch  3 never executed
        -:  114:		{
    #####:  115:		  if (numPlayers == 2){ 
branch  0 never executed
branch  1 never executed
    #####:  116:		    state->supplyCount[i] = 8; 
        -:  117:		  }
    #####:  118:		  else{ state->supplyCount[i] = 12; }
        -:  119:		}
        -:  120:	      else
        -:  121:		{
    #####:  122:		  state->supplyCount[i] = 10;
        -:  123:		}
    #####:  124:	      break;
        -:  125:	    }
        -:  126:	  else    //card is not in the set choosen for the game
        -:  127:	    {
    #####:  128:	      state->supplyCount[i] = -1;
        -:  129:	    }
        -:  130:	}
        -:  131:
        -:  132:    }
        -:  133:
        -:  134:  ////////////////////////
        -:  135:  //supply intilization complete
        -:  136:
        -:  137:  //set player decks
    #####:  138:  for (i = 0; i < numPlayers; i++)
branch  0 never executed
branch  1 never executed
        -:  139:    {
    #####:  140:      state->deckCount[i] = 0;
    #####:  141:      for (j = 0; j < 3; j++)
branch  0 never executed
branch  1 never executed
        -:  142:	{
    #####:  143:	  state->deck[i][j] = estate;
    #####:  144:	  state->deckCount[i]++;
        -:  145:	}
    #####:  146:      for (j = 3; j < 10; j++)
branch  0 never executed
branch  1 never executed
        -:  147:	{
    #####:  148:	  state->deck[i][j] = copper;
    #####:  149:	  state->deckCount[i]++;		
        -:  150:	}
        -:  151:    }
        -:  152:
        -:  153:  //shuffle player decks
    #####:  154:  for (i = 0; i < numPlayers; i++)
branch  0 never executed
branch  1 never executed
        -:  155:    {
    #####:  156:      if ( shuffle(i, state) < 0 )
call    0 never executed
branch  1 never executed
branch  2 never executed
        -:  157:	{
    #####:  158:	  return -1;
        -:  159:	}
        -:  160:    }
        -:  161:
        -:  162:  //draw player hands
    #####:  163:  for (i = 0; i < numPlayers; i++)
branch  0 never executed
branch  1 never executed
        -:  164:    {  
        -:  165:      //initialize hand size to zero
    #####:  166:      state->handCount[i] = 0;
    #####:  167:      state->discardCount[i] = 0;
        -:  168:      //draw 5 cards
        -:  169:      // for (j = 0; j < 5; j++)
        -:  170:      //	{
        -:  171:      //	  drawCard(i, state);
        -:  172:      //	}
        -:  173:    }
        -:  174:  
        -:  175:  //set embargo tokens to 0 for all supply piles
    #####:  176:  for (i = 0; i <= treasure_map; i++)
branch  0 never executed
branch  1 never executed
        -:  177:    {
    #####:  178:      state->embargoTokens[i] = 0;
        -:  179:    }
        -:  180:
        -:  181:  //initialize first player's turn
    #####:  182:  state->outpostPlayed = 0;
    #####:  183:  state->phase = 0;
    #####:  184:  state->numActions = 1;
    #####:  185:  state->numBuys = 1;
    #####:  186:  state->playedCardCount = 0;
    #####:  187:  state->whoseTurn = 0;
    #####:  188:  state->handCount[state->whoseTurn] = 0;
        -:  189:  //int it; move to top
        -:  190:
        -:  191:  //Moved draw cards to here, only drawing at the start of a turn
    #####:  192:  for (it = 0; it < 5; it++){
branch  0 never executed
branch  1 never executed
    #####:  193:    drawCard(state->whoseTurn, state);
call    0 never executed
        -:  194:  }
        -:  195:
    #####:  196:  updateCoins(state->whoseTurn, state, 0);
call    0 never executed
        -:  197:
    #####:  198:  return 0;
        -:  199:}
        -:  200:
function shuffle called 0 returned 0% blocks executed 0%
    #####:  201:int shuffle(int player, struct gameState *state) {
        -:  202: 
        -:  203:
        -:  204:  int newDeck[MAX_DECK];
    #####:  205:  int newDeckPos = 0;
        -:  206:  int card;
        -:  207:  int i;
        -:  208:
    #####:  209:  if (state->deckCount[player] < 1)
branch  0 never executed
branch  1 never executed
    #####:  210:    return -1;
    #####:  211:  qsort ((void*)(state->deck[player]), state->deckCount[player], sizeof(int), compare); 
call    0 never executed
        -:  212:  /* SORT CARDS IN DECK TO ENSURE DETERMINISM! */
        -:  213:
    #####:  214:  while (state->deckCount[player] > 0) {
branch  0 never executed
branch  1 never executed
    #####:  215:    card = floor(Random() * state->deckCount[player]);
call    0 never executed
    #####:  216:    newDeck[newDeckPos] = state->deck[player][card];
    #####:  217:    newDeckPos++;
    #####:  218:    for (i = card; i < state->deckCount[player]-1; i++) {
branch  0 never executed
branch  1 never executed
    #####:  219:      state->deck[player][i] = state->deck[player][i+1];
        -:  220:    }
    #####:  221:    state->deckCount[player]--;
        -:  222:  }
    #####:  223:  for (i = 0; i < newDeckPos; i++) {
branch  0 never executed
branch  1 never executed
    #####:  224:    state->deck[player][i] = newDeck[i];
    #####:  225:    state->deckCount[player]++;
        -:  226:  }
        -:  227:
    #####:  228:  return 0;
        -:  229:}
        -:  230:
function playCard called 0 returned 0% blocks executed 0%
    #####:  231:int playCard(int handPos, int choice1, int choice2, int choice3, struct gameState *state) 
        -:  232:{	
        -:  233:  int card;
    #####:  234:  int coin_bonus = 0; 		//tracks coins gain from actions
        -:  235:
        -:  236:  //check if it is the right phase
    #####:  237:  if (state->phase != 0)
branch  0 never executed
branch  1 never executed
        -:  238:    {
    #####:  239:      return -1;
        -:  240:    }
        -:  241:	
        -:  242:  //check if player has enough actions
    #####:  243:  if ( state->numActions < 1 )
branch  0 never executed
branch  1 never executed
        -:  244:    {
    #####:  245:      return -1;
        -:  246:    }
        -:  247:	
        -:  248:  //get card played
    #####:  249:  card = handCard(handPos, state);
call    0 never executed
        -:  250:	
        -:  251:  //check if selected card is an action
    #####:  252:  if ( card < adventurer || card > treasure_map )
branch  0 never executed
branch  1 never executed
branch  2 never executed
branch  3 never executed
        -:  253:    {
    #####:  254:      return -1;
        -:  255:    }
        -:  256:	
        -:  257:  //play card
    #####:  258:  if ( cardEffect(card, choice1, choice2, choice3, state, handPos, &coin_bonus) < 0 )
call    0 never executed
branch  1 never executed
branch  2 never executed
        -:  259:    {
    #####:  260:      return -1;
        -:  261:    }
        -:  262:	
        -:  263:  //reduce number of actions
    #####:  264:  state->numActions--;
        -:  265:
        -:  266:  //update coins (Treasure cards may be added with card draws)
    #####:  267:  updateCoins(state->whoseTurn, state, coin_bonus);
call    0 never executed
        -:  268:	
    #####:  269:  return 0;
        -:  270:}
        -:  271:
function buyCard called 0 returned 0% blocks executed 0%
    #####:  272:int buyCard(int supplyPos, struct gameState *state) {
        -:  273:  int who;
        -:  274:  if (DEBUG){
        -:  275:    printf("Entering buyCard...\n");
        -:  276:  }
        -:  277:
        -:  278:  // I don't know what to do about the phase thing.
        -:  279:
    #####:  280:  who = state->whoseTurn;
        -:  281:
    #####:  282:  if (state->numBuys < 1){
branch  0 never executed
branch  1 never executed
        -:  283:    if (DEBUG)
        -:  284:      printf("You do not have any buys left\n");
    #####:  285:    return -1;
    #####:  286:  } else if (supplyCount(supplyPos, state) <1){
call    0 never executed
branch  1 never executed
branch  2 never executed
        -:  287:    if (DEBUG)
        -:  288:      printf("There are not any of that type of card left\n");
    #####:  289:    return -1;
    #####:  290:  } else if (state->coins < getCost(supplyPos)){
call    0 never executed
branch  1 never executed
branch  2 never executed
        -:  291:    if (DEBUG) 
        -:  292:      printf("You do not have enough money to buy that. You have %d coins.\n", state->coins);
    #####:  293:    return -1;
        -:  294:  } else {
    #####:  295:    state->phase=1;
        -:  296:    //state->supplyCount[supplyPos]--;
    #####:  297:    gainCard(supplyPos, state, 0, who); //card goes in discard, this might be wrong.. (2 means goes into hand, 0 goes into discard)
call    0 never executed
        -:  298:  
    #####:  299:    state->coins = (state->coins) - (getCost(supplyPos));
call    0 never executed
    #####:  300:    state->numBuys--;
        -:  301:    if (DEBUG)
        -:  302:      printf("You bought card number %d for %d coins. You now have %d buys and %d coins.\n", supplyPos, getCost(supplyPos), state->numBuys, state->coins);
        -:  303:  }
        -:  304:
        -:  305:  //state->discard[who][state->discardCount[who]] = supplyPos;
        -:  306:  //state->discardCount[who]++;
        -:  307:    
    #####:  308:  return 0;
        -:  309:}
        -:  310:
function numHandCards called 0 returned 0% blocks executed 0%
    #####:  311:int numHandCards(struct gameState *state) {
    #####:  312:  return state->handCount[ whoseTurn(state) ];
call    0 never executed
        -:  313:}
        -:  314:
function handCard called 0 returned 0% blocks executed 0%
    #####:  315:int handCard(int handPos, struct gameState *state) {
    #####:  316:  int currentPlayer = whoseTurn(state);
call    0 never executed
    #####:  317:  return state->hand[currentPlayer][handPos];
        -:  318:}
        -:  319:
function supplyCount called 0 returned 0% blocks executed 0%
    #####:  320:int supplyCount(int card, struct gameState *state) {
    #####:  321:  return state->supplyCount[card];
        -:  322:}
        -:  323:
function fullDeckCount called 33 returned 100% blocks executed 100%
       33:  324:int fullDeckCount(int player, int card, struct gameState *state) {
        -:  325:  int i;
       33:  326:  int count = 0;
        -:  327:
      188:  328:  for (i = 0; i < state->deckCount[player]; i++)
branch  0 taken 82%
branch  1 taken 18% (fallthrough)
        -:  329:    {
      155:  330:      if (state->deck[player][i] == card) count++;
branch  0 taken 9% (fallthrough)
branch  1 taken 91%
        -:  331:    }
        -:  332:
      179:  333:  for (i = 0; i < state->handCount[player]; i++)
branch  0 taken 82%
branch  1 taken 18% (fallthrough)
        -:  334:    {
      146:  335:      if (state->hand[player][i] == card) count++;
branch  0 taken 10% (fallthrough)
branch  1 taken 90%
        -:  336:    }
        -:  337:
      179:  338:  for (i = 0; i < state->discardCount[player]; i++)
branch  0 taken 82%
branch  1 taken 18% (fallthrough)
        -:  339:    {
      146:  340:      if (state->discard[player][i] == card) count++;
branch  0 taken 10% (fallthrough)
branch  1 taken 90%
        -:  341:    }
        -:  342:
       33:  343:  return count;
        -:  344:}
        -:  345:
function whoseTurn called 0 returned 0% blocks executed 0%
    #####:  346:int whoseTurn(struct gameState *state) {
    #####:  347:  return state->whoseTurn;
        -:  348:}
        -:  349:
function endTurn called 0 returned 0% blocks executed 0%
    #####:  350:int endTurn(struct gameState *state) {
        -:  351:  int k;
        -:  352:  int i;
    #####:  353:  int currentPlayer = whoseTurn(state);
call    0 never executed
        -:  354:  
        -:  355:  //Discard hand
    #####:  356:  for (i = 0; i < state->handCount[currentPlayer]; i++){
branch  0 never executed
branch  1 never executed
    #####:  357:    state->discard[currentPlayer][state->discardCount[currentPlayer]++] = state->hand[currentPlayer][i];//Discard
    #####:  358:    state->hand[currentPlayer][i] = -1;//Set card to -1
        -:  359:  }
    #####:  360:  state->handCount[currentPlayer] = 0;//Reset hand count
        -:  361:    
        -:  362:  //Code for determining the player
    #####:  363:  if (currentPlayer < (state->numPlayers - 1)){ 
branch  0 never executed
branch  1 never executed
    #####:  364:    state->whoseTurn = currentPlayer + 1;//Still safe to increment
        -:  365:  }
        -:  366:  else{
    #####:  367:    state->whoseTurn = 0;//Max player has been reached, loop back around to player 1
        -:  368:  }
        -:  369:
    #####:  370:  state->outpostPlayed = 0;
    #####:  371:  state->phase = 0;
    #####:  372:  state->numActions = 1;
    #####:  373:  state->coins = 0;
    #####:  374:  state->numBuys = 1;
    #####:  375:  state->playedCardCount = 0;
    #####:  376:  state->handCount[state->whoseTurn] = 0;
        -:  377:
        -:  378:  //int k; move to top
        -:  379:  //Next player draws hand
    #####:  380:  for (k = 0; k < 5; k++){
branch  0 never executed
branch  1 never executed
    #####:  381:    drawCard(state->whoseTurn, state);//Draw a card
call    0 never executed
        -:  382:  }
        -:  383:
        -:  384:  //Update money
    #####:  385:  updateCoins(state->whoseTurn, state , 0);
call    0 never executed
        -:  386:
    #####:  387:  return 0;
        -:  388:}
        -:  389:
function isGameOver called 5 returned 100% blocks executed 100%
        5:  390:int isGameOver(struct gameState *state) {
        -:  391:  int i;
        -:  392:  int j;
        -:  393:	
        -:  394:  //if stack of Province cards is empty, the game ends
        5:  395:  if (state->supplyCount[province] == 0)
branch  0 taken 40% (fallthrough)
branch  1 taken 60%
        -:  396:    {
        2:  397:      return 1;
        -:  398:    }
        -:  399:
        -:  400:  //if three supply pile are at 0, the game ends
        3:  401:  j = 0;
       78:  402:  for (i = 0; i < 25; i++)
branch  0 taken 96%
branch  1 taken 4% (fallthrough)
        -:  403:    {
       75:  404:      if (state->supplyCount[i] == 0)
branch  0 taken 7% (fallthrough)
branch  1 taken 93%
        -:  405:	{
        5:  406:	  j++;
        -:  407:	}
        -:  408:    }
        3:  409:  if ( j >= 3)
branch  0 taken 33% (fallthrough)
branch  1 taken 67%
        -:  410:    {
        1:  411:      return 1;
        -:  412:    }
        -:  413:
        2:  414:  return 0;
        -:  415:}
        -:  416:
function scoreFor called 11 returned 100% blocks executed 100%
       11:  417:int scoreFor (int player, struct gameState *state) {
        -:  418:
        -:  419:  int i;
       11:  420:  int score = 0;
        -:  421:  //score from hand
       38:  422:  for (i = 0; i < state->handCount[player]; i++)
branch  0 taken 71%
branch  1 taken 29% (fallthrough)
        -:  423:    {
       27:  424:      if (state->hand[player][i] == curse) { score = score - 1; };
branch  0 taken 11% (fallthrough)
branch  1 taken 89%
       27:  425:      if (state->hand[player][i] == estate) { score = score + 1; };
branch  0 taken 11% (fallthrough)
branch  1 taken 89%
       27:  426:      if (state->hand[player][i] == duchy) { score = score + 3; };
branch  0 taken 11% (fallthrough)
branch  1 taken 89%
       27:  427:      if (state->hand[player][i] == province) { score = score + 6; };
branch  0 taken 11% (fallthrough)
branch  1 taken 89%
       27:  428:      if (state->hand[player][i] == great_hall) { score = score + 1; };
branch  0 taken 11% (fallthrough)
branch  1 taken 89%
       27:  429:      if (state->hand[player][i] == gardens) { score = score + ( fullDeckCount(player, 0, state) / 10 ); };
branch  0 taken 33% (fallthrough)
branch  1 taken 67%
call    2 returned 100%
        -:  430:    }
        -:  431:
        -:  432:  //score from discard
       38:  433:  for (i = 0; i < state->discardCount[player]; i++)
branch  0 taken 71%
branch  1 taken 29% (fallthrough)
        -:  434:    {
       27:  435:      if (state->discard[player][i] == curse) { score = score - 1; };
branch  0 taken 11% (fallthrough)
branch  1 taken 89%
       27:  436:      if (state->discard[player][i] == estate) { score = score + 1; };
branch  0 taken 11% (fallthrough)
branch  1 taken 89%
       27:  437:      if (state->discard[player][i] == duchy) { score = score + 3; };
branch  0 taken 11% (fallthrough)
branch  1 taken 89%
       27:  438:      if (state->discard[player][i] == province) { score = score + 6; };
branch  0 taken 11% (fallthrough)
branch  1 taken 89%
       27:  439:      if (state->discard[player][i] == great_hall) { score = score + 1; };
branch  0 taken 11% (fallthrough)
branch  1 taken 89%
       27:  440:      if (state->discard[player][i] == gardens) { score = score + ( fullDeckCount(player, 0, state) / 10 ); };
branch  0 taken 33% (fallthrough)
branch  1 taken 67%
call    2 returned 100%
        -:  441:    }
        -:  442:
        -:  443:  //score from deck
       38:  444:  for (i = 0; i < state->discardCount[player]; i++)
branch  0 taken 71%
branch  1 taken 29% (fallthrough)
        -:  445:    {
       27:  446:      if (state->deck[player][i] == curse) { score = score - 1; };
branch  0 taken 11% (fallthrough)
branch  1 taken 89%
       27:  447:      if (state->deck[player][i] == estate) { score = score + 1; };
branch  0 taken 11% (fallthrough)
branch  1 taken 89%
       27:  448:      if (state->deck[player][i] == duchy) { score = score + 3; };
branch  0 taken 11% (fallthrough)
branch  1 taken 89%
       27:  449:      if (state->deck[player][i] == province) { score = score + 6; };
branch  0 taken 11% (fallthrough)
branch  1 taken 89%
       27:  450:      if (state->deck[player][i] == great_hall) { score = score + 1; };
branch  0 taken 11% (fallthrough)
branch  1 taken 89%
       27:  451:      if (state->deck[player][i] == gardens) { score = score + ( fullDeckCount(player, 0, state) / 10 ); };
branch  0 taken 33% (fallthrough)
branch  1 taken 67%
call    2 returned 100%
        -:  452:    }
        -:  453:
       11:  454:  return score;
        -:  455:}
        -:  456:
function getWinners called 0 returned 0% blocks executed 0%
    #####:  457:int getWinners(int players[MAX_PLAYERS], struct gameState *state) {
        -:  458:  int i;	
        -:  459:  int j;
        -:  460:  int highScore;
        -:  461:  int currentPlayer;
        -:  462:
        -:  463:  //get score for each player
    #####:  464:  for (i = 0; i < MAX_PLAYERS; i++)
branch  0 never executed
branch  1 never executed
        -:  465:    {
        -:  466:      //set unused player scores to -9999
    #####:  467:      if (i >= state->numPlayers)
branch  0 never executed
branch  1 never executed
        -:  468:	{
    #####:  469:	  players[i] = -9999;
        -:  470:	}
        -:  471:      else
        -:  472:	{
    #####:  473:	  players[i] = scoreFor (i, state);
call    0 never executed
        -:  474:	}
        -:  475:    }
        -:  476:
        -:  477:  //find highest score
    #####:  478:  j = 0;
    #####:  479:  for (i = 0; i < MAX_PLAYERS; i++)
branch  0 never executed
branch  1 never executed
        -:  480:    {
    #####:  481:      if (players[i] > players[j])
branch  0 never executed
branch  1 never executed
        -:  482:	{
    #####:  483:	  j = i;
        -:  484:	}
        -:  485:    }
    #####:  486:  highScore = players[j];
        -:  487:
        -:  488:  //add 1 to players who had less turns
    #####:  489:  currentPlayer = whoseTurn(state);
call    0 never executed
    #####:  490:  for (i = 0; i < MAX_PLAYERS; i++)
branch  0 never executed
branch  1 never executed
        -:  491:    {
    #####:  492:      if ( players[i] == highScore && i > currentPlayer )
branch  0 never executed
branch  1 never executed
branch  2 never executed
branch  3 never executed
        -:  493:	{
    #####:  494:	  players[i]++;
        -:  495:	}
        -:  496:    }
        -:  497:
        -:  498:  //find new highest score
    #####:  499:  j = 0;
    #####:  500:  for (i = 0; i < MAX_PLAYERS; i++)
branch  0 never executed
branch  1 never executed
        -:  501:    {
    #####:  502:      if ( players[i] > players[j] )
branch  0 never executed
branch  1 never executed
        -:  503:	{
    #####:  504:	  j = i;
        -:  505:	}
        -:  506:    }
    #####:  507:  highScore = players[j];
        -:  508:
        -:  509:  //set winners in array to 1 and rest to 0
    #####:  510:  for (i = 0; i < MAX_PLAYERS; i++)
branch  0 never executed
branch  1 never executed
        -:  511:    {
    #####:  512:      if ( players[i] == highScore )
branch  0 never executed
branch  1 never executed
        -:  513:	{
    #####:  514:	  players[i] = 1;
        -:  515:	}
        -:  516:      else
        -:  517:	{
    #####:  518:	  players[i] = 0;
        -:  519:	}
        -:  520:    }
        -:  521:
    #####:  522:  return 0;
        -:  523:}
        -:  524:
function drawCard called 8 returned 100% blocks executed 38%
        8:  525:int drawCard(int player, struct gameState *state)
        -:  526:{	int count;
        -:  527:  int deckCounter;
        8:  528:  if (state->deckCount[player] <= 0){//Deck is empty
branch  0 taken 0% (fallthrough)
branch  1 taken 100%
        -:  529:    
        -:  530:    //Step 1 Shuffle the discard pile back into a deck
        -:  531:    int i;
        -:  532:    //Move discard to deck
    #####:  533:    for (i = 0; i < state->discardCount[player];i++){
branch  0 never executed
branch  1 never executed
    #####:  534:      state->deck[player][i] = state->discard[player][i];
    #####:  535:      state->discard[player][i] = -1;
        -:  536:    }
        -:  537:
    #####:  538:    state->deckCount[player] = state->discardCount[player];
    #####:  539:    state->discardCount[player] = 0;//Reset discard
        -:  540:
        -:  541:    //Shufffle the deck
    #####:  542:    shuffle(player, state);//Shuffle the deck up and make it so that we can draw
call    0 never executed
        -:  543:   
        -:  544:    if (DEBUG){//Debug statements
        -:  545:      printf("Deck count now: %d\n", state->deckCount[player]);
        -:  546:    }
        -:  547:    
    #####:  548:    state->discardCount[player] = 0;
        -:  549:
        -:  550:    //Step 2 Draw Card
    #####:  551:    count = state->handCount[player];//Get current player's hand count
        -:  552:    
        -:  553:    if (DEBUG){//Debug statements
        -:  554:      printf("Current hand count: %d\n", count);
        -:  555:    }
        -:  556:    
    #####:  557:    deckCounter = state->deckCount[player];//Create a holder for the deck count
        -:  558:
    #####:  559:    if (deckCounter == 0)
branch  0 never executed
branch  1 never executed
    #####:  560:      return -1;
        -:  561:
    #####:  562:    state->hand[player][count] = state->deck[player][deckCounter - 1];//Add card to hand
    #####:  563:    state->deckCount[player]--;
    #####:  564:    state->handCount[player]++;//Increment hand count
        -:  565:  }
        -:  566:
        -:  567:  else{
        8:  568:    int count = state->handCount[player];//Get current hand count for player
        -:  569:    int deckCounter;
        -:  570:    if (DEBUG){//Debug statements
        -:  571:      printf("Current hand count: %d\n", count);
        -:  572:    }
        -:  573:
        8:  574:    deckCounter = state->deckCount[player];//Create holder for the deck count
        8:  575:    state->hand[player][count] = state->deck[player][deckCounter - 1];//Add card to the hand
        8:  576:    state->deckCount[player]--;
        8:  577:    state->handCount[player]++;//Increment hand count
        -:  578:  }
        -:  579:
        8:  580:  return 0;
        -:  581:}
        -:  582:
function getCost called 7 returned 100% blocks executed 23%
        7:  583:int getCost(int cardNumber)
        -:  584:{
        7:  585:  switch( cardNumber ) 
branch  0 taken 14%
branch  1 taken 0%
branch  2 taken 0%
branch  3 taken 0%
branch  4 taken 0%
branch  5 taken 0%
branch  6 taken 14%
branch  7 taken 0%
branch  8 taken 0%
branch  9 taken 14%
branch 10 taken 0%
branch 11 taken 0%
branch 12 taken 0%
branch 13 taken 14%
branch 14 taken 0%
branch 15 taken 0%
branch 16 taken 0%
branch 17 taken 0%
branch 18 taken 0%
branch 19 taken 0%
branch 20 taken 0%
branch 21 taken 0%
branch 22 taken 0%
branch 23 taken 0%
branch 24 taken 0%
branch 25 taken 0%
branch 26 taken 0%
branch 27 taken 43%
        -:  586:    {
        -:  587:    case curse:
        1:  588:      return 0;
        -:  589:    case estate:
    #####:  590:      return 2;
        -:  591:    case duchy:
    #####:  592:      return 5;
        -:  593:    case province:
    #####:  594:      return 8;
        -:  595:    case copper:
    #####:  596:      return 0;
        -:  597:    case silver:
    #####:  598:      return 3;
        -:  599:    case gold:
        1:  600:      return 6;
        -:  601:    case adventurer:
    #####:  602:      return 6;
        -:  603:    case council_room:
    #####:  604:      return 5;
        -:  605:    case feast:
        1:  606:      return 4;
        -:  607:    case gardens:
    #####:  608:      return 4;
        -:  609:    case mine:
    #####:  610:      return 5;
        -:  611:    case remodel:
    #####:  612:      return 4;
        -:  613:    case smithy:
        1:  614:      return 4;
        -:  615:    case village:
    #####:  616:      return 3;
        -:  617:    case baron:
    #####:  618:      return 4;
        -:  619:    case great_hall:
    #####:  620:      return 3;
        -:  621:    case minion:
    #####:  622:      return 5;
        -:  623:    case steward:
    #####:  624:      return 3;
        -:  625:    case tribute:
    #####:  626:      return 5;
        -:  627:    case ambassador:
    #####:  628:      return 3;
        -:  629:    case cutpurse:
    #####:  630:      return 4;
        -:  631:    case embargo: 
    #####:  632:      return 2;
        -:  633:    case outpost:
    #####:  634:      return 5;
        -:  635:    case salvager:
    #####:  636:      return 4;
        -:  637:    case sea_hag:
    #####:  638:      return 4;
        -:  639:    case treasure_map:
    #####:  640:      return 4;
        -:  641:    }
        -:  642:	
        3:  643:  return -1;
        -:  644:}
        -:  645:
        -:  646:
function play_smithy called 1 returned 100% blocks executed 100%
        1:  647:void play_smithy(int player, struct gameState *state, int handPos) {
        -:  648:      //+3 Cards
        -:  649:      //for (int i = 0; i < 3; i++)
        5:  650:      for (int i = 0; i <= 3; i++)   // BUG!
branch  0 taken 80%
branch  1 taken 20% (fallthrough)
        -:  651:	{
        4:  652:	  drawCard(player, state);
call    0 returned 100%
        -:  653:	}
        -:  654:			
        -:  655:      //discard card from hand
        1:  656:      discardCard(handPos, player, state, 0);
call    0 returned 100%
        1:  657:}
        -:  658:
function play_adventurer called 1 returned 100% blocks executed 93%
        1:  659:void play_adventurer(int player, struct gameState *state, int *temphand, int *temp_z, int handPos) {
        1:  660:      int drawntreasure=0;
        -:  661:      int cardDrawn;
        5:  662:      while(drawntreasure<2){
branch  0 taken 75%
branch  1 taken 25% (fallthrough)
        3:  663:	if (state->deckCount[player] <1){//if the deck is empty we need to shuffle discard and add to deck
branch  0 taken 0% (fallthrough)
branch  1 taken 100%
    #####:  664:	  shuffle(player, state);
call    0 never executed
        -:  665:	}
        3:  666:	drawCard(player, state);
call    0 returned 100%
        3:  667:	cardDrawn = state->hand[player][state->handCount[player]-1];//top card of hand is most recently drawn card.
        3:  668:	if (cardDrawn == copper || cardDrawn == silver || cardDrawn == gold) {
branch  0 taken 100% (fallthrough)
branch  1 taken 0%
branch  2 taken 100% (fallthrough)
branch  3 taken 0%
branch  4 taken 67% (fallthrough)
branch  5 taken 33%
        2:  669:	  drawntreasure++;
        -:  670:	}
        -:  671:	else{
        1:  672:	  temphand[*temp_z]=cardDrawn;
        1:  673:	  state->handCount[player]--; //this should just remove the top card (the most recently drawn one).
        -:  674:	  //(*temp_z)++;
        1:  675:	  *temp_z++;      // BUG!
        -:  676:	}
        -:  677:      }
        7:  678:      while((*temp_z)-1>=0){
branch  0 taken 83%
branch  1 taken 17% (fallthrough)
        5:  679:	state->discard[player][state->discardCount[player]++]=temphand[(*temp_z)-1]; // discard all cards in play that have been drawn
        5:  680:	*temp_z=(*temp_z)-1;
        -:  681:      }
        1:  682:}
        -:  683:
        -:  684:
function play_village called 1 returned 100% blocks executed 100%
        1:  685:void play_village(int player, struct gameState *state, int handPos) {
        -:  686:      //+1 Card
        1:  687:      drawCard(player, state);
call    0 returned 100%
        -:  688:			
        -:  689:      //+2 Actions
        -:  690:      //state->numActions = state->numActions + 2;
        1:  691:      state->coins = state->coins + 2;   // BUG!
        -:  692:			
        -:  693:      //discard played card from hand
        1:  694:      discardCard(handPos, player, state, 0);
call    0 returned 100%
        1:  695:}
        -:  696:
function play_embargo called 0 returned 0% blocks executed 0%
    #####:  697:int play_embargo(int player, struct gameState *state, int handPos, int choice) {
        -:  698:      //+2 Coins
    #####:  699:      state->coins = state->coins + 2;
        -:  700:			
        -:  701:      //see if selected pile is in play
    #####:  702:      if ( state->supplyCount[choice] == -1 )
branch  0 never executed
branch  1 never executed
        -:  703:	{
    #####:  704:	  return -1;
        -:  705:	}
        -:  706:			
        -:  707:      //add embargo token to selected supply pile
    #####:  708:      state->embargoTokens[choice]++;
        -:  709:			
        -:  710:      //trash card
    #####:  711:      discardCard(handPos, player, state, 1);		
call    0 never executed
        -:  712:
    #####:  713:      return 0;
        -:  714:}
        -:  715:
function play_sea_hag called 1 returned 100% blocks executed 100%
        1:  716:void play_sea_hag(int player, struct gameState *state) {
        3:  717:      for (int i = 0; i < state->numPlayers; i++){
branch  0 taken 67%
branch  1 taken 33% (fallthrough)
        -:  718:	//if (i != player){
        2:  719:	if (i == player){     // BUG!  (added by me)
branch  0 taken 50% (fallthrough)
branch  1 taken 50%
        -:  720:	  // bug in following line (not added by me), decrement operator should be prefix not postfix
        1:  721:	  state->discard[i][state->discardCount[i]] = state->deck[i][state->deckCount[i]--];
        1:  722:	  state->discardCount[i]++;
        -:  723:
        -:  724:	  // following line has a bug (not added by me) since deckCount should
        -:  725:	  // be incremented instead of decremented.
        1:  726:	  state->deck[i][state->deckCount[i]--] = curse;//Top card now a curse
        -:  727:	}
        -:  728:      }
        1:  729:}
        -:  730:
        -:  731:
function cardEffect called 0 returned 0% blocks executed 0%
    #####:  732:int cardEffect(int card, int choice1, int choice2, int choice3, struct gameState *state, int handPos, int *bonus)
        -:  733:{
        -:  734:  int i;
        -:  735:  int j;
        -:  736:  int k;
        -:  737:  int x;
        -:  738:  int index;
        -:  739:  int retval;
    #####:  740:  int currentPlayer = whoseTurn(state);
call    0 never executed
    #####:  741:  int nextPlayer = currentPlayer + 1;
        -:  742:
    #####:  743:  int tributeRevealedCards[2] = {-1, -1};
        -:  744:  int temphand[MAX_HAND];// moved above the if statement
    #####:  745:  int z = 0;// this is the counter for the temp hand
    #####:  746:  if (nextPlayer > (state->numPlayers - 1)){
branch  0 never executed
branch  1 never executed
    #####:  747:    nextPlayer = 0;
        -:  748:  }
        -:  749:  
        -:  750:	
        -:  751:  //uses switch to select card and perform actions
    #####:  752:  switch( card ) 
branch  0 never executed
branch  1 never executed
branch  2 never executed
branch  3 never executed
branch  4 never executed
branch  5 never executed
branch  6 never executed
branch  7 never executed
branch  8 never executed
branch  9 never executed
branch 10 never executed
branch 11 never executed
branch 12 never executed
branch 13 never executed
branch 14 never executed
branch 15 never executed
branch 16 never executed
branch 17 never executed
branch 18 never executed
branch 19 never executed
branch 20 never executed
        -:  753:    {
        -:  754:    case adventurer:
    #####:  755:      play_adventurer(currentPlayer, state, temphand, &z, handPos);
call    0 never executed
    #####:  756:      return 0;
        -:  757:			
        -:  758:    case council_room:
        -:  759:      //+4 Cards
    #####:  760:      for (i = 0; i < 4; i++)
branch  0 never executed
branch  1 never executed
        -:  761:	{
    #####:  762:	  drawCard(currentPlayer, state);
call    0 never executed
        -:  763:	}
        -:  764:			
        -:  765:      //+1 Buy
    #####:  766:      state->numBuys++;
        -:  767:			
        -:  768:      //Each other player draws a card
    #####:  769:      for (i = 0; i < state->numPlayers; i++)
branch  0 never executed
branch  1 never executed
        -:  770:	{
    #####:  771:	  if ( i != currentPlayer )
branch  0 never executed
branch  1 never executed
        -:  772:	    {
    #####:  773:	      drawCard(i, state);
call    0 never executed
        -:  774:	    }
        -:  775:	}
        -:  776:			
        -:  777:      //put played card in played card pile
    #####:  778:      discardCard(handPos, currentPlayer, state, 0);
call    0 never executed
        -:  779:			
    #####:  780:      return 0;
        -:  781:			
        -:  782:    case feast:
        -:  783:      //gain card with cost up to 5
        -:  784:      //Backup hand
    #####:  785:      for (i = 0; i <= state->handCount[currentPlayer]; i++){
branch  0 never executed
branch  1 never executed
    #####:  786:	temphand[i] = state->hand[currentPlayer][i];//Backup card
    #####:  787:	state->hand[currentPlayer][i] = -1;//Set to nothing
        -:  788:      }
        -:  789:      //Backup hand
        -:  790:
        -:  791:      //Update Coins for Buy
    #####:  792:      updateCoins(currentPlayer, state, 5);
call    0 never executed
    #####:  793:      x = 1;//Condition to loop on
    #####:  794:      while( x == 1) {//Buy one card
branch  0 never executed
branch  1 never executed
    #####:  795:	if (supplyCount(choice1, state) <= 0){
call    0 never executed
branch  1 never executed
branch  2 never executed
        -:  796:	  if (DEBUG)
        -:  797:	    printf("None of that card left, sorry!\n");
        -:  798:
        -:  799:	  if (DEBUG){
        -:  800:	    printf("Cards Left: %d\n", supplyCount(choice1, state));
        -:  801:	  }
        -:  802:	}
    #####:  803:	else if (state->coins < getCost(choice1)){
call    0 never executed
branch  1 never executed
branch  2 never executed
    #####:  804:	  printf("That card is too expensive!\n");
call    0 never executed
        -:  805:
        -:  806:	  if (DEBUG){
        -:  807:	    printf("Coins: %d < %d\n", state->coins, getCost(choice1));
        -:  808:	  }
        -:  809:	}
        -:  810:	else{
        -:  811:
        -:  812:	  if (DEBUG){
        -:  813:	    printf("Deck Count: %d\n", state->handCount[currentPlayer] + state->deckCount[currentPlayer] + state->discardCount[currentPlayer]);
        -:  814:	  }
        -:  815:
    #####:  816:	  gainCard(choice1, state, 0, currentPlayer);//Gain the card
call    0 never executed
    #####:  817:	  x = 0;//No more buying cards
        -:  818:
        -:  819:	  if (DEBUG){
        -:  820:	    printf("Deck Count: %d\n", state->handCount[currentPlayer] + state->deckCount[currentPlayer] + state->discardCount[currentPlayer]);
        -:  821:	  }
        -:  822:
        -:  823:	}
        -:  824:      }     
        -:  825:
        -:  826:      //Reset Hand
    #####:  827:      for (i = 0; i <= state->handCount[currentPlayer]; i++){
branch  0 never executed
branch  1 never executed
    #####:  828:	state->hand[currentPlayer][i] = temphand[i];
    #####:  829:	temphand[i] = -1;
        -:  830:      }
        -:  831:      //Reset Hand
        -:  832:      			
    #####:  833:      return 0;
        -:  834:			
        -:  835:    case gardens:
    #####:  836:      return -1;
        -:  837:			
        -:  838:    case mine:
    #####:  839:      j = state->hand[currentPlayer][choice1];  //store card we will trash
        -:  840:
    #####:  841:      if (state->hand[currentPlayer][choice1] < copper || state->hand[currentPlayer][choice1] > gold)
branch  0 never executed
branch  1 never executed
branch  2 never executed
branch  3 never executed
        -:  842:	{
    #####:  843:	  return -1;
        -:  844:	}
        -:  845:		
    #####:  846:      if (choice2 > treasure_map || choice2 < curse)
branch  0 never executed
branch  1 never executed
branch  2 never executed
branch  3 never executed
        -:  847:	{
    #####:  848:	  return -1;
        -:  849:	}
        -:  850:
    #####:  851:      if ( (getCost(state->hand[currentPlayer][choice1]) + 3) > getCost(choice2) )
call    0 never executed
call    1 never executed
branch  2 never executed
branch  3 never executed
        -:  852:	{
    #####:  853:	  return -1;
        -:  854:	}
        -:  855:
    #####:  856:      gainCard(choice2, state, 2, currentPlayer);
call    0 never executed
        -:  857:
        -:  858:      //discard card from hand
    #####:  859:      discardCard(handPos, currentPlayer, state, 0);
call    0 never executed
        -:  860:
        -:  861:      //discard trashed card
    #####:  862:      for (i = 0; i < state->handCount[currentPlayer]; i++)
branch  0 never executed
branch  1 never executed
        -:  863:	{
    #####:  864:	  if (state->hand[currentPlayer][i] == j)
branch  0 never executed
branch  1 never executed
        -:  865:	    {
    #####:  866:	      discardCard(i, currentPlayer, state, 0);			
call    0 never executed
    #####:  867:	      break;
        -:  868:	    }
        -:  869:	}
        -:  870:			
    #####:  871:      return 0;
        -:  872:			
        -:  873:    case remodel:
    #####:  874:      j = state->hand[currentPlayer][choice1];  //store card we will trash
        -:  875:
    #####:  876:      if ( (getCost(state->hand[currentPlayer][choice1]) + 2) > getCost(choice2) )
call    0 never executed
call    1 never executed
branch  2 never executed
branch  3 never executed
        -:  877:	{
    #####:  878:	  return -1;
        -:  879:	}
        -:  880:
    #####:  881:      gainCard(choice2, state, 0, currentPlayer);
call    0 never executed
        -:  882:
        -:  883:      //discard card from hand
    #####:  884:      discardCard(handPos, currentPlayer, state, 0);
call    0 never executed
        -:  885:
        -:  886:      //discard trashed card
    #####:  887:      for (i = 0; i < state->handCount[currentPlayer]; i++)
branch  0 never executed
branch  1 never executed
        -:  888:	{
    #####:  889:	  if (state->hand[currentPlayer][i] == j)
branch  0 never executed
branch  1 never executed
        -:  890:	    {
    #####:  891:	      discardCard(i, currentPlayer, state, 0);			
call    0 never executed
    #####:  892:	      break;
        -:  893:	    }
        -:  894:	}
        -:  895:
        -:  896:
    #####:  897:      return 0;
        -:  898:		
        -:  899:    case smithy:
    #####:  900:      play_smithy(currentPlayer, state, handPos);
call    0 never executed
    #####:  901:      return 0;
        -:  902:		
        -:  903:    case village:
    #####:  904:      play_village(currentPlayer, state, handPos);
call    0 never executed
    #####:  905:      return 0;
        -:  906:		
        -:  907:    case baron:
    #####:  908:      state->numBuys++;//Increase buys by 1!
    #####:  909:      if (choice1 > 0){//Boolean true or going to discard an estate
branch  0 never executed
branch  1 never executed
    #####:  910:	int p = 0;//Iterator for hand!
    #####:  911:	int card_not_discarded = 1;//Flag for discard set!
    #####:  912:	while(card_not_discarded){
branch  0 never executed
branch  1 never executed
    #####:  913:	  if (state->hand[currentPlayer][p] == estate){//Found an estate card!
branch  0 never executed
branch  1 never executed
    #####:  914:	    state->coins += 4;//Add 4 coins to the amount of coins
    #####:  915:	    state->discard[currentPlayer][state->discardCount[currentPlayer]] = state->hand[currentPlayer][p];
    #####:  916:	    state->discardCount[currentPlayer]++;
    #####:  917:	    for (;p < state->handCount[currentPlayer]; p++){
branch  0 never executed
branch  1 never executed
    #####:  918:	      state->hand[currentPlayer][p] = state->hand[currentPlayer][p+1];
        -:  919:	    }
    #####:  920:	    state->hand[currentPlayer][state->handCount[currentPlayer]] = -1;
    #####:  921:	    state->handCount[currentPlayer]--;
    #####:  922:	    card_not_discarded = 0;//Exit the loop
        -:  923:	  }
    #####:  924:	  else if (p > state->handCount[currentPlayer]){
branch  0 never executed
branch  1 never executed
        -:  925:	    if(DEBUG) {
        -:  926:	      printf("No estate cards in your hand, invalid choice\n");
        -:  927:	      printf("Must gain an estate if there are any\n");
        -:  928:	    }
    #####:  929:	    if (supplyCount(estate, state) > 0){
call    0 never executed
branch  1 never executed
branch  2 never executed
    #####:  930:	      gainCard(estate, state, 0, currentPlayer);
call    0 never executed
    #####:  931:	      state->supplyCount[estate]--;//Decrement estates
    #####:  932:	      if (supplyCount(estate, state) == 0){
call    0 never executed
branch  1 never executed
branch  2 never executed
    #####:  933:		isGameOver(state);
call    0 never executed
        -:  934:	      }
        -:  935:	    }
    #####:  936:	    card_not_discarded = 0;//Exit the loop
        -:  937:	  }
        -:  938:			    
        -:  939:	  else{
    #####:  940:	    p++;//Next card
        -:  941:	  }
        -:  942:	}
        -:  943:      }
        -:  944:			    
        -:  945:      else{
    #####:  946:	if (supplyCount(estate, state) > 0){
call    0 never executed
branch  1 never executed
branch  2 never executed
    #####:  947:	  gainCard(estate, state, 0, currentPlayer);//Gain an estate
call    0 never executed
    #####:  948:	  state->supplyCount[estate]--;//Decrement Estates
    #####:  949:	  if (supplyCount(estate, state) == 0){
call    0 never executed
branch  1 never executed
branch  2 never executed
    #####:  950:	    isGameOver(state);
call    0 never executed
        -:  951:	  }
        -:  952:	}
        -:  953:      }
        -:  954:	    
        -:  955:      
    #####:  956:      return 0;
        -:  957:		
        -:  958:    case great_hall:
        -:  959:      //+1 Card
    #####:  960:      drawCard(currentPlayer, state);
call    0 never executed
        -:  961:			
        -:  962:      //+1 Actions
    #####:  963:      state->numActions++;
        -:  964:			
        -:  965:      //discard card from hand
    #####:  966:      discardCard(handPos, currentPlayer, state, 0);
call    0 never executed
    #####:  967:      return 0;
        -:  968:		
        -:  969:    case minion:
        -:  970:      //+1 action
    #####:  971:      state->numActions++;
        -:  972:			
        -:  973:      //discard card from hand
    #####:  974:      discardCard(handPos, currentPlayer, state, 0);
call    0 never executed
        -:  975:			
    #####:  976:      if (choice1)		//+2 coins
branch  0 never executed
branch  1 never executed
        -:  977:	{
    #####:  978:	  state->coins = state->coins + 2;
        -:  979:	}
        -:  980:			
    #####:  981:      else if (choice2)		//discard hand, redraw 4, other players with 5+ cards discard hand and draw 4
branch  0 never executed
branch  1 never executed
        -:  982:	{
        -:  983:	  //discard hand
    #####:  984:	  while(numHandCards(state) > 0)
call    0 never executed
branch  1 never executed
branch  2 never executed
        -:  985:	    {
    #####:  986:	      discardCard(handPos, currentPlayer, state, 0);
call    0 never executed
        -:  987:	    }
        -:  988:				
        -:  989:	  //draw 4
    #####:  990:	  for (i = 0; i < 4; i++)
branch  0 never executed
branch  1 never executed
        -:  991:	    {
    #####:  992:	      drawCard(currentPlayer, state);
call    0 never executed
        -:  993:	    }
        -:  994:				
        -:  995:	  //other players discard hand and redraw if hand size > 4
    #####:  996:	  for (i = 0; i < state->numPlayers; i++)
branch  0 never executed
branch  1 never executed
        -:  997:	    {
    #####:  998:	      if (i != currentPlayer)
branch  0 never executed
branch  1 never executed
        -:  999:		{
    #####: 1000:		  if ( state->handCount[i] > 4 )
branch  0 never executed
branch  1 never executed
        -: 1001:		    {
        -: 1002:		      //discard hand
    #####: 1003:		      while( state->handCount[i] > 0 )
branch  0 never executed
branch  1 never executed
        -: 1004:			{
    #####: 1005:			  discardCard(handPos, i, state, 0);
call    0 never executed
        -: 1006:			}
        -: 1007:							
        -: 1008:		      //draw 4
    #####: 1009:		      for (j = 0; j < 4; j++)
branch  0 never executed
branch  1 never executed
        -: 1010:			{
    #####: 1011:			  drawCard(i, state);
call    0 never executed
        -: 1012:			}
        -: 1013:		    }
        -: 1014:		}
        -: 1015:	    }
        -: 1016:				
        -: 1017:	}
    #####: 1018:      return 0;
        -: 1019:		
        -: 1020:    case steward:
    #####: 1021:      if (choice1 == 1)
branch  0 never executed
branch  1 never executed
        -: 1022:	{
        -: 1023:	  //+2 cards
    #####: 1024:	  drawCard(currentPlayer, state);
call    0 never executed
    #####: 1025:	  drawCard(currentPlayer, state);
call    0 never executed
        -: 1026:	}
    #####: 1027:      else if (choice1 == 2)
branch  0 never executed
branch  1 never executed
        -: 1028:	{
        -: 1029:	  //+2 coins
    #####: 1030:	  state->coins = state->coins + 2;
        -: 1031:	}
        -: 1032:      else
        -: 1033:	{
        -: 1034:	  //trash 2 cards in hand
    #####: 1035:	  discardCard(choice2, currentPlayer, state, 1);
call    0 never executed
    #####: 1036:	  discardCard(choice3, currentPlayer, state, 1);
call    0 never executed
        -: 1037:	}
        -: 1038:			
        -: 1039:      //discard card from hand
    #####: 1040:      discardCard(handPos, currentPlayer, state, 0);
call    0 never executed
    #####: 1041:      return 0;
        -: 1042:		
        -: 1043:    case tribute:
    #####: 1044:      if ((state->discardCount[nextPlayer] + state->deckCount[nextPlayer]) <= 1){
branch  0 never executed
branch  1 never executed
    #####: 1045:	if (state->deckCount[nextPlayer] > 0){
branch  0 never executed
branch  1 never executed
    #####: 1046:	  tributeRevealedCards[0] = state->deck[nextPlayer][state->deckCount[nextPlayer]-1];
    #####: 1047:	  state->deckCount[nextPlayer]--;
        -: 1048:	}
    #####: 1049:	else if (state->discardCount[nextPlayer] > 0){
branch  0 never executed
branch  1 never executed
    #####: 1050:	  tributeRevealedCards[0] = state->discard[nextPlayer][state->discardCount[nextPlayer]-1];
    #####: 1051:	  state->discardCount[nextPlayer]--;
        -: 1052:	}
        -: 1053:	else{
        -: 1054:	  //No Card to Reveal
        -: 1055:	  if (DEBUG){
        -: 1056:	    printf("No cards to reveal\n");
        -: 1057:	  }
        -: 1058:	}
        -: 1059:      }
        -: 1060:	    
        -: 1061:      else{
    #####: 1062:	if (state->deckCount[nextPlayer] == 0){
branch  0 never executed
branch  1 never executed
    #####: 1063:	  for (i = 0; i < state->discardCount[nextPlayer]; i++){
branch  0 never executed
branch  1 never executed
    #####: 1064:	    state->deck[nextPlayer][i] = state->discard[nextPlayer][i];//Move to deck
    #####: 1065:	    state->deckCount[nextPlayer]++;
    #####: 1066:	    state->discard[nextPlayer][i] = -1;
    #####: 1067:	    state->discardCount[nextPlayer]--;
        -: 1068:	  }
        -: 1069:			    
    #####: 1070:	  shuffle(nextPlayer,state);//Shuffle the deck
call    0 never executed
        -: 1071:	} 
    #####: 1072:	tributeRevealedCards[0] = state->deck[nextPlayer][state->deckCount[nextPlayer]-1];
    #####: 1073:	state->deck[nextPlayer][state->deckCount[nextPlayer]--] = -1;
    #####: 1074:	state->deckCount[nextPlayer]--;
    #####: 1075:	tributeRevealedCards[1] = state->deck[nextPlayer][state->deckCount[nextPlayer]-1];
    #####: 1076:	state->deck[nextPlayer][state->deckCount[nextPlayer]--] = -1;
    #####: 1077:	state->deckCount[nextPlayer]--;
        -: 1078:      }    
        -: 1079:		       
    #####: 1080:      if (tributeRevealedCards[0] == tributeRevealedCards[1]){//If we have a duplicate card, just drop one 
branch  0 never executed
branch  1 never executed
    #####: 1081:	state->playedCards[state->playedCardCount] = tributeRevealedCards[1];
    #####: 1082:	state->playedCardCount++;
    #####: 1083:	tributeRevealedCards[1] = -1;
        -: 1084:      }
        -: 1085:
    #####: 1086:      for (i = 0; i <= 2; i ++){
branch  0 never executed
branch  1 never executed
    #####: 1087:	if (tributeRevealedCards[i] == copper || tributeRevealedCards[i] == silver || tributeRevealedCards[i] == gold){//Treasure cards
branch  0 never executed
branch  1 never executed
branch  2 never executed
branch  3 never executed
branch  4 never executed
branch  5 never executed
    #####: 1088:	  state->coins += 2;
        -: 1089:	}
        -: 1090:		    
    #####: 1091:	else if (tributeRevealedCards[i] == estate || tributeRevealedCards[i] == duchy || tributeRevealedCards[i] == province || tributeRevealedCards[i] == gardens || tributeRevealedCards[i] == great_hall){//Victory Card Found
branch  0 never executed
branch  1 never executed
branch  2 never executed
branch  3 never executed
branch  4 never executed
branch  5 never executed
branch  6 never executed
branch  7 never executed
branch  8 never executed
branch  9 never executed
    #####: 1092:	  drawCard(currentPlayer, state);
call    0 never executed
    #####: 1093:	  drawCard(currentPlayer, state);
call    0 never executed
        -: 1094:	}
        -: 1095:	else{//Action Card
    #####: 1096:	  state->numActions = state->numActions + 2;
        -: 1097:	}
        -: 1098:      }
        -: 1099:	    
    #####: 1100:      return 0;
        -: 1101:		
        -: 1102:    case ambassador:
    #####: 1103:      j = 0;		//used to check if player has enough cards to discard
        -: 1104:
    #####: 1105:      if (choice2 > 2 || choice2 < 0)
branch  0 never executed
branch  1 never executed
branch  2 never executed
branch  3 never executed
        -: 1106:	{
    #####: 1107:	  return -1;				
        -: 1108:	}
        -: 1109:
    #####: 1110:      if (choice1 == handPos)
branch  0 never executed
branch  1 never executed
        -: 1111:	{
    #####: 1112:	  return -1;
        -: 1113:	}
        -: 1114:
    #####: 1115:      for (i = 0; i < state->handCount[currentPlayer]; i++)
branch  0 never executed
branch  1 never executed
        -: 1116:	{
    #####: 1117:	  if (i != handPos && i == state->hand[currentPlayer][choice1] && i != choice1)
branch  0 never executed
branch  1 never executed
branch  2 never executed
branch  3 never executed
branch  4 never executed
branch  5 never executed
        -: 1118:	    {
    #####: 1119:	      j++;
        -: 1120:	    }
        -: 1121:	}
    #####: 1122:      if (j < choice2)
branch  0 never executed
branch  1 never executed
        -: 1123:	{
    #####: 1124:	  return -1;				
        -: 1125:	}
        -: 1126:
        -: 1127:      if (DEBUG) 
        -: 1128:	printf("Player %d reveals card number: %d\n", currentPlayer, state->hand[currentPlayer][choice1]);
        -: 1129:
        -: 1130:      //increase supply count for choosen card by amount being discarded
    #####: 1131:      state->supplyCount[state->hand[currentPlayer][choice1]] += choice2;
        -: 1132:			
        -: 1133:      //each other player gains a copy of revealed card
    #####: 1134:      for (i = 0; i < state->numPlayers; i++)
branch  0 never executed
branch  1 never executed
        -: 1135:	{
    #####: 1136:	  if (i != currentPlayer)
branch  0 never executed
branch  1 never executed
        -: 1137:	    {
    #####: 1138:	      gainCard(state->hand[currentPlayer][choice1], state, 0, i);
call    0 never executed
        -: 1139:	    }
        -: 1140:	}
        -: 1141:
        -: 1142:      //discard played card from hand
    #####: 1143:      discardCard(handPos, currentPlayer, state, 0);			
call    0 never executed
        -: 1144:
        -: 1145:      //trash copies of cards returned to supply
    #####: 1146:      for (j = 0; j < choice2; j++)
branch  0 never executed
branch  1 never executed
        -: 1147:	{
    #####: 1148:	  for (i = 0; i < state->handCount[currentPlayer]; i++)
branch  0 never executed
branch  1 never executed
        -: 1149:	    {
    #####: 1150:	      if (state->hand[currentPlayer][i] == state->hand[currentPlayer][choice1])
branch  0 never executed
branch  1 never executed
        -: 1151:		{
    #####: 1152:		  discardCard(i, currentPlayer, state, 1);
call    0 never executed
    #####: 1153:		  break;
        -: 1154:		}
        -: 1155:	    }
        -: 1156:	}			
        -: 1157:
    #####: 1158:      return 0;
        -: 1159:		
        -: 1160:    case cutpurse:
        -: 1161:
    #####: 1162:      updateCoins(currentPlayer, state, 2);
call    0 never executed
    #####: 1163:      for (i = 0; i < state->numPlayers; i++)
branch  0 never executed
branch  1 never executed
        -: 1164:	{
    #####: 1165:	  if (i != currentPlayer)
branch  0 never executed
branch  1 never executed
        -: 1166:	    {
    #####: 1167:	      for (j = 0; j < state->handCount[i]; j++)
branch  0 never executed
branch  1 never executed
        -: 1168:		{
    #####: 1169:		  if (state->hand[i][j] == copper)
branch  0 never executed
branch  1 never executed
        -: 1170:		    {
    #####: 1171:		      discardCard(j, i, state, 0);
call    0 never executed
    #####: 1172:		      break;
        -: 1173:		    }
    #####: 1174:		  if (j == state->handCount[i])
branch  0 never executed
branch  1 never executed
        -: 1175:		    {
    #####: 1176:		      for (k = 0; k < state->handCount[i]; k++)
branch  0 never executed
branch  1 never executed
        -: 1177:			{
        -: 1178:			  if (DEBUG)
        -: 1179:			    printf("Player %d reveals card number %d\n", i, state->hand[i][k]);
        -: 1180:			}	
    #####: 1181:		      break;
        -: 1182:		    }		
        -: 1183:		}
        -: 1184:					
        -: 1185:	    }
        -: 1186:				
        -: 1187:	}				
        -: 1188:
        -: 1189:      //discard played card from hand
    #####: 1190:      discardCard(handPos, currentPlayer, state, 0);			
call    0 never executed
        -: 1191:
    #####: 1192:      return 0;
        -: 1193:
        -: 1194:		
        -: 1195:    case embargo: 
    #####: 1196:      retval = play_embargo(currentPlayer, state, handPos, choice1);
call    0 never executed
    #####: 1197:      return retval;
        -: 1198:		
        -: 1199:    case outpost:
        -: 1200:      //set outpost flag
    #####: 1201:      state->outpostPlayed++;
        -: 1202:			
        -: 1203:      //discard card
    #####: 1204:      discardCard(handPos, currentPlayer, state, 0);
call    0 never executed
    #####: 1205:      return 0;
        -: 1206:		
        -: 1207:    case salvager:
        -: 1208:      //+1 buy
    #####: 1209:      state->numBuys++;
        -: 1210:			
    #####: 1211:      if (choice1)
branch  0 never executed
branch  1 never executed
        -: 1212:	{
        -: 1213:	  //gain coins equal to trashed card
    #####: 1214:	  state->coins = state->coins + getCost( handCard(choice1, state) );
call    0 never executed
call    1 never executed
        -: 1215:	  //trash card
    #####: 1216:	  discardCard(choice1, currentPlayer, state, 1);	
call    0 never executed
        -: 1217:	}
        -: 1218:			
        -: 1219:      //discard card
    #####: 1220:      discardCard(handPos, currentPlayer, state, 0);
call    0 never executed
    #####: 1221:      return 0;
        -: 1222:		
        -: 1223:    case sea_hag:
    #####: 1224:      play_sea_hag(currentPlayer, state);
call    0 never executed
    #####: 1225:      return 0;
        -: 1226:		
        -: 1227:    case treasure_map:
        -: 1228:      //search hand for another treasure_map
    #####: 1229:      index = -1;
    #####: 1230:      for (i = 0; i < state->handCount[currentPlayer]; i++)
branch  0 never executed
branch  1 never executed
        -: 1231:	{
    #####: 1232:	  if (state->hand[currentPlayer][i] == treasure_map && i != handPos)
branch  0 never executed
branch  1 never executed
branch  2 never executed
branch  3 never executed
        -: 1233:	    {
    #####: 1234:	      index = i;
    #####: 1235:	      break;
        -: 1236:	    }
        -: 1237:	}
    #####: 1238:      if (index > -1)
branch  0 never executed
branch  1 never executed
        -: 1239:	{
        -: 1240:	  //trash both treasure cards
    #####: 1241:	  discardCard(handPos, currentPlayer, state, 1);
call    0 never executed
    #####: 1242:	  discardCard(index, currentPlayer, state, 1);
call    0 never executed
        -: 1243:
        -: 1244:	  //gain 4 Gold cards
    #####: 1245:	  for (i = 0; i < 4; i++)
branch  0 never executed
branch  1 never executed
        -: 1246:	    {
    #####: 1247:	      gainCard(gold, state, 1, currentPlayer);
call    0 never executed
        -: 1248:	    }
        -: 1249:				
        -: 1250:	  //return success
    #####: 1251:	  return 1;
        -: 1252:	}
        -: 1253:			
        -: 1254:      //no second treasure_map found in hand
    #####: 1255:      return -1;
        -: 1256:    }
        -: 1257:	
    #####: 1258:  return -1;
        -: 1259:}
        -: 1260:
function discardCard called 2 returned 100% blocks executed 78%
        2: 1261:int discardCard(int handPos, int currentPlayer, struct gameState *state, int trashFlag)
        -: 1262:{
        -: 1263:	
        -: 1264:  //if card is not trashed, added to Played pile 
        2: 1265:  if (trashFlag < 1)
branch  0 taken 100% (fallthrough)
branch  1 taken 0%
        -: 1266:    {
        -: 1267:      //add card to played pile
        2: 1268:      state->playedCards[state->playedCardCount] = state->hand[currentPlayer][handPos]; 
        2: 1269:      state->playedCardCount++;
        -: 1270:    }
        -: 1271:	
        -: 1272:  //set played card to -1
        2: 1273:  state->hand[currentPlayer][handPos] = -1;
        -: 1274:	
        -: 1275:  //remove card from player's hand
        2: 1276:  if ( handPos == (state->handCount[currentPlayer] - 1) ) 	//last card in hand array is played
branch  0 taken 0% (fallthrough)
branch  1 taken 100%
        -: 1277:    {
        -: 1278:      //reduce number of cards in hand
    #####: 1279:      state->handCount[currentPlayer]--;
        -: 1280:    }
        2: 1281:  else if ( state->handCount[currentPlayer] == 1 ) //only one card in hand
branch  0 taken 0% (fallthrough)
branch  1 taken 100%
        -: 1282:    {
        -: 1283:      //reduce number of cards in hand
    #####: 1284:      state->handCount[currentPlayer]--;
        -: 1285:    }
        -: 1286:  else 	
        -: 1287:    {
        -: 1288:      //replace discarded card with last card in hand
        2: 1289:      state->hand[currentPlayer][handPos] = state->hand[currentPlayer][ (state->handCount[currentPlayer] - 1)];
        -: 1290:      //set last card to -1
        2: 1291:      state->hand[currentPlayer][state->handCount[currentPlayer] - 1] = -1;
        -: 1292:      //reduce number of cards in hand
        2: 1293:      state->handCount[currentPlayer]--;
        -: 1294:    }
        -: 1295:	
        2: 1296:  return 0;
        -: 1297:}
        -: 1298:
function gainCard called 0 returned 0% blocks executed 0%
    #####: 1299:int gainCard(int supplyPos, struct gameState *state, int toFlag, int player)
        -: 1300:{
        -: 1301:  //Note: supplyPos is enum of choosen card
        -: 1302:	
        -: 1303:  //check if supply pile is empty (0) or card is not used in game (-1)
    #####: 1304:  if ( supplyCount(supplyPos, state) < 1 )
call    0 never executed
branch  1 never executed
branch  2 never executed
        -: 1305:    {
    #####: 1306:      return -1;
        -: 1307:    }
        -: 1308:	
        -: 1309:  //added card for [whoseTurn] current player:
        -: 1310:  // toFlag = 0 : add to discard
        -: 1311:  // toFlag = 1 : add to deck
        -: 1312:  // toFlag = 2 : add to hand
        -: 1313:
    #####: 1314:  if (toFlag == 1)
branch  0 never executed
branch  1 never executed
        -: 1315:    {
    #####: 1316:      state->deck[ player ][ state->deckCount[player] ] = supplyPos;
    #####: 1317:      state->deckCount[player]++;
        -: 1318:    }
    #####: 1319:  else if (toFlag == 2)
branch  0 never executed
branch  1 never executed
        -: 1320:    {
    #####: 1321:      state->hand[ player ][ state->handCount[player] ] = supplyPos;
    #####: 1322:      state->handCount[player]++;
        -: 1323:    }
        -: 1324:  else
        -: 1325:    {
    #####: 1326:      state->discard[player][ state->discardCount[player] ] = supplyPos;
    #####: 1327:      state->discardCount[player]++;
        -: 1328:    }
        -: 1329:	
        -: 1330:  //decrease number in supply pile
    #####: 1331:  state->supplyCount[supplyPos]--;
        -: 1332:	 
    #####: 1333:  return 0;
        -: 1334:}
        -: 1335:
function updateCoins called 0 returned 0% blocks executed 0%
    #####: 1336:int updateCoins(int player, struct gameState *state, int bonus)
        -: 1337:{
        -: 1338:  int i;
        -: 1339:	
        -: 1340:  //reset coin count
    #####: 1341:  state->coins = 0;
        -: 1342:
        -: 1343:  //add coins for each Treasure card in player's hand
    #####: 1344:  for (i = 0; i < state->handCount[player]; i++)
branch  0 never executed
branch  1 never executed
        -: 1345:    {
    #####: 1346:      if (state->hand[player][i] == copper)
branch  0 never executed
branch  1 never executed
        -: 1347:	{
    #####: 1348:	  state->coins += 1;
        -: 1349:	}
    #####: 1350:      else if (state->hand[player][i] == silver)
branch  0 never executed
branch  1 never executed
        -: 1351:	{
    #####: 1352:	  state->coins += 2;
        -: 1353:	}
    #####: 1354:      else if (state->hand[player][i] == gold)
branch  0 never executed
branch  1 never executed
        -: 1355:	{
    #####: 1356:	  state->coins += 3;
        -: 1357:	}	
        -: 1358:    }	
        -: 1359:
        -: 1360:  //add bonus
    #####: 1361:  state->coins += bonus;
        -: 1362:
    #####: 1363:  return 0;
        -: 1364:}
        -: 1365:
        -: 1366:
        -: 1367://end of dominion.c
        -: 1368:
